This file contains any messages produced by compilers while
running configure, to aid debugging if configure makes a mistake.

It was created by HTSlib configure 1.20, which was
generated by GNU Autoconf 2.72.  Invocation command line was

  $ ./configure --prefix=/home/joshuac/solid_kmer_utils/libs/htslib-1.20/install

## --------- ##
## Platform. ##
## --------- ##

hostname = genome2
uname -m = x86_64
uname -r = 5.4.0-182-generic
uname -s = Linux
uname -v = #202-Ubuntu SMP Fri Apr 26 12:29:36 UTC 2024

/usr/bin/uname -p = x86_64
/bin/uname -X     = unknown

/bin/arch              = x86_64
/usr/bin/arch -k       = unknown
/usr/convex/getsysinfo = unknown
/usr/bin/hostinfo      = unknown
/bin/machine           = unknown
/usr/bin/oslevel       = unknown
/bin/universe          = unknown

PATH: /home/joshuac/.local/bin/
PATH: /home/joshuac/.cargo/bin/
PATH: /home/joshuac/.usr/local/bin/
PATH: /home/joshuac/kmc3/
PATH: /home/joshuac/bedtools2/bin/
PATH: /home/joshuac/minimap2-2.22_x64-linux/
PATH: /home/joshuac/samtools-1.18/
PATH: /home/joshuac/quast-5.2.0/
PATH: /home/joshuac/anaconda3/bin/
PATH: /home/joshuac/anaconda3/condabin/
PATH: /usr/local/sbin/
PATH: /usr/local/bin/
PATH: /usr/sbin/
PATH: /usr/bin/
PATH: /sbin/
PATH: /bin/
PATH: /usr/games/
PATH: /usr/local/games/
PATH: /snap/bin/


## ----------- ##
## Core tests. ##
## ----------- ##

configure:2432: looking for aux files: config.guess config.sub
configure:2445:  trying ./
configure:2474:   ./config.guess found
configure:2474:   ./config.sub found
configure:2746: checking for gcc
configure:2767: found /usr/bin/gcc
configure:2779: result: gcc
configure:3138: checking for C compiler version
configure:3147: gcc --version >&5
gcc (Ubuntu 9.4.0-1ubuntu1~20.04.2) 9.4.0
Copyright (C) 2019 Free Software Foundation, Inc.
This is free software; see the source for copying conditions.  There is NO
warranty; not even for MERCHANTABILITY or FITNESS FOR A PARTICULAR PURPOSE.

configure:3158: $? = 0
configure:3147: gcc -v >&5
Using built-in specs.
COLLECT_GCC=gcc
COLLECT_LTO_WRAPPER=/usr/lib/gcc/x86_64-linux-gnu/9/lto-wrapper
OFFLOAD_TARGET_NAMES=nvptx-none:hsa
OFFLOAD_TARGET_DEFAULT=1
Target: x86_64-linux-gnu
Configured with: ../src/configure -v --with-pkgversion='Ubuntu 9.4.0-1ubuntu1~20.04.2' --with-bugurl=file:///usr/share/doc/gcc-9/README.Bugs --enable-languages=c,ada,c++,go,brig,d,fortran,objc,obj-c++,gm2 --prefix=/usr --with-gcc-major-version-only --program-suffix=-9 --program-prefix=x86_64-linux-gnu- --enable-shared --enable-linker-build-id --libexecdir=/usr/lib --without-included-gettext --enable-threads=posix --libdir=/usr/lib --enable-nls --enable-clocale=gnu --enable-libstdcxx-debug --enable-libstdcxx-time=yes --with-default-libstdcxx-abi=new --enable-gnu-unique-object --disable-vtable-verify --enable-plugin --enable-default-pie --with-system-zlib --with-target-system-zlib=auto --enable-objc-gc=auto --enable-multiarch --disable-werror --with-arch-32=i686 --with-abi=m64 --with-multilib-list=m32,m64,mx32 --enable-multilib --with-tune=generic --enable-offload-targets=nvptx-none=/build/gcc-9-9QDOt0/gcc-9-9.4.0/debian/tmp-nvptx/usr,hsa --without-cuda-driver --enable-checking=release --build=x86_64-linux-gnu --host=x86_64-linux-gnu --target=x86_64-linux-gnu
Thread model: posix
gcc version 9.4.0 (Ubuntu 9.4.0-1ubuntu1~20.04.2) 
configure:3158: $? = 0
configure:3147: gcc -V >&5
gcc: error: unrecognized command line option '-V'
gcc: fatal error: no input files
compilation terminated.
configure:3158: $? = 1
configure:3147: gcc -qversion >&5
gcc: error: unrecognized command line option '-qversion'; did you mean '--version'?
gcc: fatal error: no input files
compilation terminated.
configure:3158: $? = 1
configure:3147: gcc -version >&5
gcc: error: unrecognized command line option '-version'
gcc: fatal error: no input files
compilation terminated.
configure:3158: $? = 1
configure:3178: checking whether the C compiler works
configure:3200: gcc    conftest.c  >&5
configure:3204: $? = 0
configure:3255: result: yes
configure:3259: checking for C compiler default output file name
configure:3261: result: a.out
configure:3267: checking for suffix of executables
configure:3274: gcc -o conftest    conftest.c  >&5
configure:3278: $? = 0
configure:3302: result: 
configure:3326: checking whether we are cross compiling
configure:3334: gcc -o conftest    conftest.c  >&5
configure:3338: $? = 0
configure:3345: ./conftest
configure:3349: $? = 0
configure:3337: result: no
configure:3343: checking for suffix of object files
configure:3366: gcc -c   conftest.c >&5
configure:3370: $? = 0
configure:3394: result: o
configure:3398: checking whether the compiler supports GNU C
configure:3418: gcc -c   conftest.c >&5
configure:3418: $? = 0
configure:3430: result: yes
configure:3441: checking whether gcc accepts -g
configure:3462: gcc -c -g  conftest.c >&5
configure:3462: $? = 0
configure:3509: result: yes
configure:3529: checking for gcc option to enable C11 features
configure:3544: gcc  -c -g -O2  conftest.c >&5
configure:3544: $? = 0
configure:3563: result: none needed
configure:3730: checking for ranlib
configure:3751: found /usr/bin/ranlib
configure:3763: result: ranlib
configure:3786: checking for grep that handles long lines and -e
configure:3852: result: /usr/bin/grep
configure:3882: checking for C compiler warning flags
configure:4024: result: -Wall
configure:4133: checking for gcc options needed to detect all undeclared functions
configure:4155: gcc -c  -Wall -g -O2   conftest.c >&5
conftest.c: In function 'main':
conftest.c:13:8: error: 'strchr' undeclared (first use in this function)
   13 | (void) strchr;
      |        ^~~~~~
conftest.c:1:1: note: 'strchr' is defined in header '<string.h>'; did you forget to '#include <string.h>'?
    1 | /* confdefs.h */
conftest.c:13:8: note: each undeclared identifier is reported only once for each function it appears in
   13 | (void) strchr;
      |        ^~~~~~
configure:4155: $? = 1
configure: failed program was:
| /* confdefs.h */
| #define PACKAGE_NAME "HTSlib"
| #define PACKAGE_TARNAME "htslib"
| #define PACKAGE_VERSION "1.20"
| #define PACKAGE_STRING "HTSlib 1.20"
| #define PACKAGE_BUGREPORT "samtools-help@lists.sourceforge.net"
| #define PACKAGE_URL "http://www.htslib.org/"
| /* end confdefs.h.  */
| 
| int
| main (void)
| {
| (void) strchr;
|   ;
|   return 0;
| }
configure:4182: gcc -c  -Wall -g -O2   conftest.c >&5
configure:4182: $? = 0
configure:4202: result: none needed
configure:4220: checking for stdio.h
configure:4220: gcc -c  -Wall -g -O2  conftest.c >&5
configure:4220: $? = 0
configure:4220: result: yes
configure:4220: checking for stdlib.h
configure:4220: gcc -c  -Wall -g -O2  conftest.c >&5
configure:4220: $? = 0
configure:4220: result: yes
configure:4220: checking for string.h
configure:4220: gcc -c  -Wall -g -O2  conftest.c >&5
configure:4220: $? = 0
configure:4220: result: yes
configure:4220: checking for inttypes.h
configure:4220: gcc -c  -Wall -g -O2  conftest.c >&5
configure:4220: $? = 0
configure:4220: result: yes
configure:4220: checking for stdint.h
configure:4220: gcc -c  -Wall -g -O2  conftest.c >&5
configure:4220: $? = 0
configure:4220: result: yes
configure:4220: checking for strings.h
configure:4220: gcc -c  -Wall -g -O2  conftest.c >&5
configure:4220: $? = 0
configure:4220: result: yes
configure:4220: checking for sys/stat.h
configure:4220: gcc -c  -Wall -g -O2  conftest.c >&5
configure:4220: $? = 0
configure:4220: result: yes
configure:4220: checking for sys/types.h
configure:4220: gcc -c  -Wall -g -O2  conftest.c >&5
configure:4220: $? = 0
configure:4220: result: yes
configure:4220: checking for unistd.h
configure:4220: gcc -c  -Wall -g -O2  conftest.c >&5
configure:4220: $? = 0
configure:4220: result: yes
configure:4220: checking for sys/param.h
configure:4220: gcc -c  -Wall -g -O2  conftest.c >&5
configure:4220: $? = 0
configure:4220: result: yes
configure:4245: checking whether _XOPEN_SOURCE is declared
configure:4245: gcc -c  -Wall -g -O2   conftest.c >&5
conftest.c: In function 'main':
conftest.c:55:10: error: '_XOPEN_SOURCE' undeclared (first use in this function)
   55 |   (void) _XOPEN_SOURCE;
      |          ^~~~~~~~~~~~~
conftest.c:55:10: note: each undeclared identifier is reported only once for each function it appears in
configure:4245: $? = 1
configure: failed program was:
| /* confdefs.h */
| #define PACKAGE_NAME "HTSlib"
| #define PACKAGE_TARNAME "htslib"
| #define PACKAGE_VERSION "1.20"
| #define PACKAGE_STRING "HTSlib 1.20"
| #define PACKAGE_BUGREPORT "samtools-help@lists.sourceforge.net"
| #define PACKAGE_URL "http://www.htslib.org/"
| #define HAVE_STDIO_H 1
| #define HAVE_STDLIB_H 1
| #define HAVE_STRING_H 1
| #define HAVE_INTTYPES_H 1
| #define HAVE_STDINT_H 1
| #define HAVE_STRINGS_H 1
| #define HAVE_SYS_STAT_H 1
| #define HAVE_SYS_TYPES_H 1
| #define HAVE_UNISTD_H 1
| #define HAVE_SYS_PARAM_H 1
| #define STDC_HEADERS 1
| /* end confdefs.h.  */
| #include <stddef.h>
| #ifdef HAVE_STDIO_H
| # include <stdio.h>
| #endif
| #ifdef HAVE_STDLIB_H
| # include <stdlib.h>
| #endif
| #ifdef HAVE_STRING_H
| # include <string.h>
| #endif
| #ifdef HAVE_INTTYPES_H
| # include <inttypes.h>
| #endif
| #ifdef HAVE_STDINT_H
| # include <stdint.h>
| #endif
| #ifdef HAVE_STRINGS_H
| # include <strings.h>
| #endif
| #ifdef HAVE_SYS_TYPES_H
| # include <sys/types.h>
| #endif
| #ifdef HAVE_SYS_STAT_H
| # include <sys/stat.h>
| #endif
| #ifdef HAVE_UNISTD_H
| # include <unistd.h>
| #endif
| int
| main (void)
| {
| #ifndef _XOPEN_SOURCE
| #ifdef __cplusplus
|   (void) _XOPEN_SOURCE;
| #else
|   (void) _XOPEN_SOURCE;
| #endif
| #endif
| 
|   ;
|   return 0;
| }
configure:4245: result: no
configure:4256: checking C compiler flags needed for sse4.1
configure:4284: gcc -o conftest  -Wall -g -O2   conftest.c  >&5
In file included from /usr/lib/gcc/x86_64-linux-gnu/9/include/smmintrin.h:811,
                 from /usr/lib/gcc/x86_64-linux-gnu/9/include/immintrin.h:37,
                 from /usr/lib/gcc/x86_64-linux-gnu/9/include/x86intrin.h:32,
                 from conftest.c:23:
conftest.c: In function 'main':
/usr/lib/gcc/x86_64-linux-gnu/9/include/popcntintrin.h:35:1: error: inlining failed in call to always_inline '_mm_popcnt_u32': target specific option mismatch
   35 | _mm_popcnt_u32 (unsigned int __X)
      | ^~~~~~~~~~~~~~
conftest.c:33:12: note: called from here
   33 |     return _mm_popcnt_u32(*((char *) &c));
      |            ^~~~~~~~~~~~~~~~~~~~~~~~~~~~~~
In file included from /usr/lib/gcc/x86_64-linux-gnu/9/include/immintrin.h:35,
                 from /usr/lib/gcc/x86_64-linux-gnu/9/include/x86intrin.h:32,
                 from conftest.c:23:
/usr/lib/gcc/x86_64-linux-gnu/9/include/tmmintrin.h:136:1: error: inlining failed in call to always_inline '_mm_shuffle_epi8': target specific option mismatch
  136 | _mm_shuffle_epi8 (__m128i __X, __m128i __Y)
      | ^~~~~~~~~~~~~~~~
conftest.c:32:17: note: called from here
   32 |     __m128i c = _mm_shuffle_epi8(_mm_max_epu32(a, b), b);
      |                 ^~~~~~~~~~~~~~~~~~~~~~~~~~~~~~~~~~~~~~~~
In file included from /usr/lib/gcc/x86_64-linux-gnu/9/include/immintrin.h:37,
                 from /usr/lib/gcc/x86_64-linux-gnu/9/include/x86intrin.h:32,
                 from conftest.c:23:
/usr/lib/gcc/x86_64-linux-gnu/9/include/smmintrin.h:318:1: error: inlining failed in call to always_inline '_mm_max_epu32': target specific option mismatch
  318 | _mm_max_epu32 (__m128i __X, __m128i __Y)
      | ^~~~~~~~~~~~~
conftest.c:32:17: note: called from here
   32 |     __m128i c = _mm_shuffle_epi8(_mm_max_epu32(a, b), b);
      |                 ^~~~~~~~~~~~~~~~~~~~~~~~~~~~~~~~~~~~~~~~
In file included from /usr/lib/gcc/x86_64-linux-gnu/9/include/smmintrin.h:811,
                 from /usr/lib/gcc/x86_64-linux-gnu/9/include/immintrin.h:37,
                 from /usr/lib/gcc/x86_64-linux-gnu/9/include/x86intrin.h:32,
                 from conftest.c:23:
/usr/lib/gcc/x86_64-linux-gnu/9/include/popcntintrin.h:35:1: error: inlining failed in call to always_inline '_mm_popcnt_u32': target specific option mismatch
   35 | _mm_popcnt_u32 (unsigned int __X)
      | ^~~~~~~~~~~~~~
conftest.c:33:12: note: called from here
   33 |     return _mm_popcnt_u32(*((char *) &c));
      |            ^~~~~~~~~~~~~~~~~~~~~~~~~~~~~~
In file included from /usr/lib/gcc/x86_64-linux-gnu/9/include/immintrin.h:35,
                 from /usr/lib/gcc/x86_64-linux-gnu/9/include/x86intrin.h:32,
                 from conftest.c:23:
/usr/lib/gcc/x86_64-linux-gnu/9/include/tmmintrin.h:136:1: error: inlining failed in call to always_inline '_mm_shuffle_epi8': target specific option mismatch
  136 | _mm_shuffle_epi8 (__m128i __X, __m128i __Y)
      | ^~~~~~~~~~~~~~~~
conftest.c:32:17: note: called from here
   32 |     __m128i c = _mm_shuffle_epi8(_mm_max_epu32(a, b), b);
      |                 ^~~~~~~~~~~~~~~~~~~~~~~~~~~~~~~~~~~~~~~~
In file included from /usr/lib/gcc/x86_64-linux-gnu/9/include/immintrin.h:37,
                 from /usr/lib/gcc/x86_64-linux-gnu/9/include/x86intrin.h:32,
                 from conftest.c:23:
/usr/lib/gcc/x86_64-linux-gnu/9/include/smmintrin.h:318:1: error: inlining failed in call to always_inline '_mm_max_epu32': target specific option mismatch
  318 | _mm_max_epu32 (__m128i __X, __m128i __Y)
      | ^~~~~~~~~~~~~
conftest.c:32:17: note: called from here
   32 |     __m128i c = _mm_shuffle_epi8(_mm_max_epu32(a, b), b);
      |                 ^~~~~~~~~~~~~~~~~~~~~~~~~~~~~~~~~~~~~~~~
configure:4284: $? = 1
configure: failed program was:
| /* confdefs.h */
| #define PACKAGE_NAME "HTSlib"
| #define PACKAGE_TARNAME "htslib"
| #define PACKAGE_VERSION "1.20"
| #define PACKAGE_STRING "HTSlib 1.20"
| #define PACKAGE_BUGREPORT "samtools-help@lists.sourceforge.net"
| #define PACKAGE_URL "http://www.htslib.org/"
| #define HAVE_STDIO_H 1
| #define HAVE_STDLIB_H 1
| #define HAVE_STRING_H 1
| #define HAVE_INTTYPES_H 1
| #define HAVE_STDINT_H 1
| #define HAVE_STRINGS_H 1
| #define HAVE_SYS_STAT_H 1
| #define HAVE_SYS_TYPES_H 1
| #define HAVE_UNISTD_H 1
| #define HAVE_SYS_PARAM_H 1
| #define STDC_HEADERS 1
| #define _XOPEN_SOURCE 600
| /* end confdefs.h.  */
| 
|     #ifdef __x86_64__
|     #include "x86intrin.h"
|     #endif
| 
| int
| main (void)
| {
| 
|     #ifdef __x86_64__
|     __m128i a = _mm_set_epi32(1, 2, 3, 4), b = _mm_set_epi32(4, 3, 2, 1);
|     __m128i c = _mm_shuffle_epi8(_mm_max_epu32(a, b), b);
|     return _mm_popcnt_u32(*((char *) &c));
|     #endif
| 
|   ;
|   return 0;
| }
configure:4311: gcc -o conftest  -Wall -g -O2  -msse4.1 -mssse3 -mpopcnt   conftest.c  >&5
configure:4311: $? = 0
configure:4327: result: -msse4.1 -mssse3 -mpopcnt
configure:4364: checking C compiler flags needed for avx2
configure:4393: gcc -o conftest  -Wall -g -O2   conftest.c  >&5
conftest.c: In function 'main':
conftest.c:35:13: warning: AVX vector return without AVX enabled changes the ABI [-Wpsabi]
   35 |     __m256i a = _mm256_set_epi32(1, 2, 3, 4, 5, 6, 7, 8);
      |             ^
In file included from /usr/lib/gcc/x86_64-linux-gnu/9/include/smmintrin.h:811,
                 from /usr/lib/gcc/x86_64-linux-gnu/9/include/immintrin.h:37,
                 from /usr/lib/gcc/x86_64-linux-gnu/9/include/x86intrin.h:32,
                 from conftest.c:27:
/usr/lib/gcc/x86_64-linux-gnu/9/include/popcntintrin.h:35:1: error: inlining failed in call to always_inline '_mm_popcnt_u32': target specific option mismatch
   35 | _mm_popcnt_u32 (unsigned int __X)
      | ^~~~~~~~~~~~~~
conftest.c:38:12: note: called from here
   38 |     return _mm_popcnt_u32((int) c);
      |            ^~~~~~~~~~~~~~~~~~~~~~~
In file included from /usr/lib/gcc/x86_64-linux-gnu/9/include/immintrin.h:51,
                 from /usr/lib/gcc/x86_64-linux-gnu/9/include/x86intrin.h:32,
                 from conftest.c:27:
/usr/lib/gcc/x86_64-linux-gnu/9/include/avxintrin.h:551:1: error: inlining failed in call to always_inline '_mm256_extract_epi64': target specific option mismatch
  551 | _mm256_extract_epi64 (__m256i __X, const int __N)
      | ^~~~~~~~~~~~~~~~~~~~
conftest.c:37:19: note: called from here
   37 |     long long c = _mm256_extract_epi64(b, 0);
      |                   ^~~~~~~~~~~~~~~~~~~~~~~~~~
In file included from /usr/lib/gcc/x86_64-linux-gnu/9/include/immintrin.h:53,
                 from /usr/lib/gcc/x86_64-linux-gnu/9/include/x86intrin.h:32,
                 from conftest.c:27:
/usr/lib/gcc/x86_64-linux-gnu/9/include/avx2intrin.h:119:1: error: inlining failed in call to always_inline '_mm256_add_epi32': target specific option mismatch
  119 | _mm256_add_epi32 (__m256i __A, __m256i __B)
      | ^~~~~~~~~~~~~~~~
conftest.c:36:17: note: called from here
   36 |     __m256i b = _mm256_add_epi32(a, a);
      |                 ^~~~~~~~~~~~~~~~~~~~~~
In file included from /usr/lib/gcc/x86_64-linux-gnu/9/include/immintrin.h:51,
                 from /usr/lib/gcc/x86_64-linux-gnu/9/include/x86intrin.h:32,
                 from conftest.c:27:
/usr/lib/gcc/x86_64-linux-gnu/9/include/avxintrin.h:1258:1: error: inlining failed in call to always_inline '_mm256_set_epi32': target specific option mismatch
 1258 | _mm256_set_epi32 (int __A, int __B, int __C, int __D,
      | ^~~~~~~~~~~~~~~~
conftest.c:35:17: note: called from here
   35 |     __m256i a = _mm256_set_epi32(1, 2, 3, 4, 5, 6, 7, 8);
      |                 ^~~~~~~~~~~~~~~~~~~~~~~~~~~~~~~~~~~~~~~~
configure:4393: $? = 1
configure: failed program was:
| /* confdefs.h */
| #define PACKAGE_NAME "HTSlib"
| #define PACKAGE_TARNAME "htslib"
| #define PACKAGE_VERSION "1.20"
| #define PACKAGE_STRING "HTSlib 1.20"
| #define PACKAGE_BUGREPORT "samtools-help@lists.sourceforge.net"
| #define PACKAGE_URL "http://www.htslib.org/"
| #define HAVE_STDIO_H 1
| #define HAVE_STDLIB_H 1
| #define HAVE_STRING_H 1
| #define HAVE_INTTYPES_H 1
| #define HAVE_STDINT_H 1
| #define HAVE_STRINGS_H 1
| #define HAVE_SYS_STAT_H 1
| #define HAVE_SYS_TYPES_H 1
| #define HAVE_UNISTD_H 1
| #define HAVE_SYS_PARAM_H 1
| #define STDC_HEADERS 1
| #define _XOPEN_SOURCE 600
| #define HAVE_SSSE3 1
| #define HAVE_POPCNT 1
| #define HAVE_SSE4_1 1
| #define UBSAN 1
| /* end confdefs.h.  */
| 
|     #ifdef __x86_64__
|     #include "x86intrin.h"
|     #endif
| 
| int
| main (void)
| {
| 
|     #ifdef __x86_64__
|     __m256i a = _mm256_set_epi32(1, 2, 3, 4, 5, 6, 7, 8);
|     __m256i b = _mm256_add_epi32(a, a);
|     long long c = _mm256_extract_epi64(b, 0);
|     return _mm_popcnt_u32((int) c);
|     #endif
| 
|   ;
|   return 0;
| }
configure:4421: gcc -o conftest  -Wall -g -O2  -mavx2 -mpopcnt   conftest.c  >&5
configure:4421: $? = 0
configure:4437: result: -mavx2 -mpopcnt
configure:4468: checking C compiler flags needed for avx512f
configure:4496: gcc -o conftest  -Wall -g -O2   conftest.c  >&5
conftest.c: In function 'main':
conftest.c:37:13: warning: AVX512F vector return without AVX512F enabled changes the ABI [-Wpsabi]
   37 |     __m512i a = _mm512_set1_epi32(1);
      |             ^
In file included from /usr/lib/gcc/x86_64-linux-gnu/9/include/smmintrin.h:811,
                 from /usr/lib/gcc/x86_64-linux-gnu/9/include/immintrin.h:37,
                 from /usr/lib/gcc/x86_64-linux-gnu/9/include/x86intrin.h:32,
                 from conftest.c:29:
/usr/lib/gcc/x86_64-linux-gnu/9/include/popcntintrin.h:35:1: error: inlining failed in call to always_inline '_mm_popcnt_u32': target specific option mismatch
   35 | _mm_popcnt_u32 (unsigned int __X)
      | ^~~~~~~~~~~~~~
conftest.c:39:12: note: called from here
   39 |     return _mm_popcnt_u32(*((char *) &b));
      |            ^~~~~~~~~~~~~~~~~~~~~~~~~~~~~~
In file included from /usr/lib/gcc/x86_64-linux-gnu/9/include/immintrin.h:55,
                 from /usr/lib/gcc/x86_64-linux-gnu/9/include/x86intrin.h:32,
                 from conftest.c:29:
/usr/lib/gcc/x86_64-linux-gnu/9/include/avx512fintrin.h:889:1: error: inlining failed in call to always_inline '_mm512_add_epi32': target specific option mismatch
  889 | _mm512_add_epi32 (__m512i __A, __m512i __B)
      | ^~~~~~~~~~~~~~~~
conftest.c:38:17: note: called from here
   38 |     __m512i b = _mm512_add_epi32(a, a);
      |                 ^~~~~~~~~~~~~~~~~~~~~~
In file included from /usr/lib/gcc/x86_64-linux-gnu/9/include/immintrin.h:55,
                 from /usr/lib/gcc/x86_64-linux-gnu/9/include/x86intrin.h:32,
                 from conftest.c:29:
/usr/lib/gcc/x86_64-linux-gnu/9/include/avx512fintrin.h:4073:1: error: inlining failed in call to always_inline '_mm512_set1_epi32': target specific option mismatch
 4073 | _mm512_set1_epi32 (int __A)
      | ^~~~~~~~~~~~~~~~~
conftest.c:37:17: note: called from here
   37 |     __m512i a = _mm512_set1_epi32(1);
      |                 ^~~~~~~~~~~~~~~~~~~~
configure:4496: $? = 1
configure: failed program was:
| /* confdefs.h */
| #define PACKAGE_NAME "HTSlib"
| #define PACKAGE_TARNAME "htslib"
| #define PACKAGE_VERSION "1.20"
| #define PACKAGE_STRING "HTSlib 1.20"
| #define PACKAGE_BUGREPORT "samtools-help@lists.sourceforge.net"
| #define PACKAGE_URL "http://www.htslib.org/"
| #define HAVE_STDIO_H 1
| #define HAVE_STDLIB_H 1
| #define HAVE_STRING_H 1
| #define HAVE_INTTYPES_H 1
| #define HAVE_STDINT_H 1
| #define HAVE_STRINGS_H 1
| #define HAVE_SYS_STAT_H 1
| #define HAVE_SYS_TYPES_H 1
| #define HAVE_UNISTD_H 1
| #define HAVE_SYS_PARAM_H 1
| #define STDC_HEADERS 1
| #define _XOPEN_SOURCE 600
| #define HAVE_SSSE3 1
| #define HAVE_POPCNT 1
| #define HAVE_SSE4_1 1
| #define UBSAN 1
| #define HAVE_POPCNT 1
| #define HAVE_AVX2 1
| /* end confdefs.h.  */
| 
|     #ifdef __x86_64__
|     #include "x86intrin.h"
|     #endif
| 
| int
| main (void)
| {
| 
|     #ifdef __x86_64__
|     __m512i a = _mm512_set1_epi32(1);
|     __m512i b = _mm512_add_epi32(a, a);
|     return _mm_popcnt_u32(*((char *) &b));
|     #endif
| 
|   ;
|   return 0;
| }
configure:4523: gcc -o conftest  -Wall -g -O2  -mavx512f -mpopcnt   conftest.c  >&5
configure:4523: $? = 0
configure:4539: result: -mavx512f -mpopcnt
configure:4630: checking for pkg-config
configure:4653: found /usr/bin/pkg-config
configure:4666: result: /usr/bin/pkg-config
configure:4691: checking pkg-config is at least version 0.9.0
configure:4694: result: yes
configure:4746: checking for gcc option to enable large file support
configure:4781: gcc -c  -Wall -g -O2  conftest.c >&5
configure:4781: $? = 0
configure:4787: gcc -DFTYPE=ino_t -c  -Wall -g -O2  conftest.c >&5
configure:4787: $? = 0
configure:4812: result: none needed
configure:5021: checking shared library type for unknown-Linux
configure:5051: result: plain .so
configure:5057: checking whether the linker supports versioned symbols
configure:5077: gcc -o conftest  -Wall -g -O2  -Wl,-version-script,./htslib.map  conftest.c  >&5
configure:5077: $? = 0
configure:5090: result: yes
configure:5109: checking whether the compiler accepts -fvisibility=hidden
configure:5130: gcc -o conftest  -Wall -g -O2 -fvisibility=hidden   -fvisibility=hidden conftest.c  >&5
configure:5130: $? = 0
configure:5147: result: yes
configure:5210: checking build system type
configure:5226: result: x86_64-pc-linux-gnu
configure:5246: checking host system type
configure:5261: result: x86_64-pc-linux-gnu
configure:5286: checking for getpagesize
configure:5286: gcc -o conftest  -Wall -g -O2 -fvisibility=hidden   -fvisibility=hidden conftest.c  >&5
configure:5286: $? = 0
configure:5286: result: yes
configure:5297: checking for working mmap
configure:5447: gcc -o conftest  -Wall -g -O2 -fvisibility=hidden   -fvisibility=hidden conftest.c  >&5
configure:5447: $? = 0
configure:5447: ./conftest
configure:5447: $? = 0
configure:5461: result: yes
configure:5470: checking for gmtime_r
configure:5470: gcc -o conftest  -Wall -g -O2 -fvisibility=hidden   -fvisibility=hidden conftest.c  >&5
configure:5470: $? = 0
configure:5470: result: yes
configure:5476: checking for fsync
configure:5476: gcc -o conftest  -Wall -g -O2 -fvisibility=hidden   -fvisibility=hidden conftest.c  >&5
configure:5476: $? = 0
configure:5476: result: yes
configure:5482: checking for drand48
configure:5482: gcc -o conftest  -Wall -g -O2 -fvisibility=hidden   -fvisibility=hidden conftest.c  >&5
configure:5482: $? = 0
configure:5482: result: yes
configure:5488: checking for srand48_deterministic
configure:5488: gcc -o conftest  -Wall -g -O2 -fvisibility=hidden   -fvisibility=hidden conftest.c  >&5
/usr/bin/ld: /tmp/ccrlkIQR.o: in function `main':
/home/joshuac/solid_kmer_utils/libs/htslib-1.20/conftest.c:61: undefined reference to `srand48_deterministic'
collect2: error: ld returned 1 exit status
configure:5488: $? = 1
configure: failed program was:
| /* confdefs.h */
| #define PACKAGE_NAME "HTSlib"
| #define PACKAGE_TARNAME "htslib"
| #define PACKAGE_VERSION "1.20"
| #define PACKAGE_STRING "HTSlib 1.20"
| #define PACKAGE_BUGREPORT "samtools-help@lists.sourceforge.net"
| #define PACKAGE_URL "http://www.htslib.org/"
| #define HAVE_STDIO_H 1
| #define HAVE_STDLIB_H 1
| #define HAVE_STRING_H 1
| #define HAVE_INTTYPES_H 1
| #define HAVE_STDINT_H 1
| #define HAVE_STRINGS_H 1
| #define HAVE_SYS_STAT_H 1
| #define HAVE_SYS_TYPES_H 1
| #define HAVE_UNISTD_H 1
| #define HAVE_SYS_PARAM_H 1
| #define STDC_HEADERS 1
| #define _XOPEN_SOURCE 600
| #define HAVE_SSSE3 1
| #define HAVE_POPCNT 1
| #define HAVE_SSE4_1 1
| #define UBSAN 1
| #define HAVE_POPCNT 1
| #define HAVE_AVX2 1
| #define HAVE_POPCNT 1
| #define HAVE_AVX512 1
| #define HAVE_GETPAGESIZE 1
| #define HAVE_MMAP 1
| #define HAVE_GMTIME_R 1
| #define HAVE_FSYNC 1
| #define HAVE_DRAND48 1
| /* end confdefs.h.  */
| /* Define srand48_deterministic to an innocuous variant, in case <limits.h> declares srand48_deterministic.
|    For example, HP-UX 11i <limits.h> declares gettimeofday.  */
| #define srand48_deterministic innocuous_srand48_deterministic
| 
| /* System header to define __stub macros and hopefully few prototypes,
|    which can conflict with char srand48_deterministic (void); below.  */
| 
| #include <limits.h>
| #undef srand48_deterministic
| 
| /* Override any GCC internal prototype to avoid an error.
|    Use char because int might match the return type of a GCC
|    builtin and then its argument prototype would still apply.  */
| #ifdef __cplusplus
| extern "C"
| #endif
| char srand48_deterministic (void);
| /* The GNU C library defines this for functions which it implements
|     to always fail with ENOSYS.  Some functions are actually named
|     something starting with __ and the normal name is an alias.  */
| #if defined __stub_srand48_deterministic || defined __stub___srand48_deterministic
| choke me
| #endif
| 
| int
| main (void)
| {
| return srand48_deterministic ();
|   ;
|   return 0;
| }
configure:5488: result: no
configure:5498: checking whether fdatasync is declared
configure:5498: gcc -c  -Wall -g -O2 -fvisibility=hidden   conftest.c >&5
configure:5498: $? = 0
configure:5498: result: yes
configure:5501: checking for fdatasync
configure:5501: gcc -o conftest  -Wall -g -O2 -fvisibility=hidden   -fvisibility=hidden conftest.c  >&5
configure:5501: $? = 0
configure:5501: result: yes
configure:5649: checking for library containing log
configure:5685: gcc -o conftest  -Wall -g -O2 -fvisibility=hidden   -fvisibility=hidden conftest.c  >&5
conftest.c:45:6: warning: conflicting types for built-in function 'log'; expected 'double(double)' [-Wbuiltin-declaration-mismatch]
   45 | char log (void);
      |      ^~~
conftest.c:1:1: note: 'log' is declared in header '<math.h>'
    1 | /* confdefs.h */
/usr/bin/ld: /tmp/ccRKv5KW.o: in function `main':
/home/joshuac/solid_kmer_utils/libs/htslib-1.20/conftest.c:49: undefined reference to `log'
collect2: error: ld returned 1 exit status
configure:5685: $? = 1
configure: failed program was:
| /* confdefs.h */
| #define PACKAGE_NAME "HTSlib"
| #define PACKAGE_TARNAME "htslib"
| #define PACKAGE_VERSION "1.20"
| #define PACKAGE_STRING "HTSlib 1.20"
| #define PACKAGE_BUGREPORT "samtools-help@lists.sourceforge.net"
| #define PACKAGE_URL "http://www.htslib.org/"
| #define HAVE_STDIO_H 1
| #define HAVE_STDLIB_H 1
| #define HAVE_STRING_H 1
| #define HAVE_INTTYPES_H 1
| #define HAVE_STDINT_H 1
| #define HAVE_STRINGS_H 1
| #define HAVE_SYS_STAT_H 1
| #define HAVE_SYS_TYPES_H 1
| #define HAVE_UNISTD_H 1
| #define HAVE_SYS_PARAM_H 1
| #define STDC_HEADERS 1
| #define _XOPEN_SOURCE 600
| #define HAVE_SSSE3 1
| #define HAVE_POPCNT 1
| #define HAVE_SSE4_1 1
| #define UBSAN 1
| #define HAVE_POPCNT 1
| #define HAVE_AVX2 1
| #define HAVE_POPCNT 1
| #define HAVE_AVX512 1
| #define HAVE_GETPAGESIZE 1
| #define HAVE_MMAP 1
| #define HAVE_GMTIME_R 1
| #define HAVE_FSYNC 1
| #define HAVE_DRAND48 1
| #define HAVE_FDATASYNC 1
| /* end confdefs.h.  */
| 
| /* Override any GCC internal prototype to avoid an error.
|    Use char because int might match the return type of a GCC
|    builtin and then its argument prototype would still apply.
|    The 'extern "C"' is for builds by C++ compilers;
|    although this is not generally supported in C code supporting it here
|    has little cost and some practical benefit (sr 110532).  */
| #ifdef __cplusplus
| extern "C"
| #endif
| char log (void);
| int
| main (void)
| {
| return log ();
|   ;
|   return 0;
| }
configure:5685: gcc -o conftest  -Wall -g -O2 -fvisibility=hidden   -fvisibility=hidden conftest.c -lm   >&5
conftest.c:45:6: warning: conflicting types for built-in function 'log'; expected 'double(double)' [-Wbuiltin-declaration-mismatch]
   45 | char log (void);
      |      ^~~
conftest.c:1:1: note: 'log' is declared in header '<math.h>'
    1 | /* confdefs.h */
configure:5685: $? = 0
configure:5707: result: -lm
configure:5729: checking for zlib.h
configure:5729: gcc -c  -Wall -g -O2 -fvisibility=hidden  conftest.c >&5
configure:5729: $? = 0
configure:5729: result: yes
configure:5739: checking for inflate in -lz
configure:5768: gcc -o conftest  -Wall -g -O2 -fvisibility=hidden   -fvisibility=hidden conftest.c -lz  -lm  >&5
configure:5768: $? = 0
configure:5780: result: yes
configure:5811: checking for library containing recv
configure:5847: gcc -o conftest  -Wall -g -O2 -fvisibility=hidden   -fvisibility=hidden conftest.c -lz -lm  >&5
configure:5847: $? = 0
configure:5869: result: none required
configure:5919: checking for bzlib.h
configure:5919: gcc -c  -Wall -g -O2 -fvisibility=hidden  conftest.c >&5
configure:5919: $? = 0
configure:5919: result: yes
configure:5929: checking for BZ2_bzBuffToBuffCompress in -lbz2
configure:5958: gcc -o conftest  -Wall -g -O2 -fvisibility=hidden   -fvisibility=hidden conftest.c -lbz2  -lz -lm  >&5
configure:5958: $? = 0
configure:5970: result: yes
configure:6014: checking for lzma.h
configure:6014: gcc -c  -Wall -g -O2 -fvisibility=hidden  conftest.c >&5
configure:6014: $? = 0
configure:6014: result: yes
configure:6026: checking for lzma_easy_buffer_encode in -llzma
configure:6055: gcc -o conftest  -Wall -g -O2 -fvisibility=hidden   -fvisibility=hidden conftest.c -llzma  -lbz2 -lz -lm  >&5
configure:6055: $? = 0
configure:6067: result: yes
configure:6193: checking whether htscodecs files are present
configure:6197: result: yes
configure:6240: checking for libdeflate.h
configure:6240: gcc -c  -Wall -g -O2 -fvisibility=hidden  conftest.c >&5
conftest.c:41:10: fatal error: libdeflate.h: No such file or directory
   41 | #include <libdeflate.h>
      |          ^~~~~~~~~~~~~~
compilation terminated.
configure:6240: $? = 1
configure: failed program was:
| /* confdefs.h */
| #define PACKAGE_NAME "HTSlib"
| #define PACKAGE_TARNAME "htslib"
| #define PACKAGE_VERSION "1.20"
| #define PACKAGE_STRING "HTSlib 1.20"
| #define PACKAGE_BUGREPORT "samtools-help@lists.sourceforge.net"
| #define PACKAGE_URL "http://www.htslib.org/"
| #define HAVE_STDIO_H 1
| #define HAVE_STDLIB_H 1
| #define HAVE_STRING_H 1
| #define HAVE_INTTYPES_H 1
| #define HAVE_STDINT_H 1
| #define HAVE_STRINGS_H 1
| #define HAVE_SYS_STAT_H 1
| #define HAVE_SYS_TYPES_H 1
| #define HAVE_UNISTD_H 1
| #define HAVE_SYS_PARAM_H 1
| #define STDC_HEADERS 1
| #define _XOPEN_SOURCE 600
| #define HAVE_SSSE3 1
| #define HAVE_POPCNT 1
| #define HAVE_SSE4_1 1
| #define UBSAN 1
| #define HAVE_POPCNT 1
| #define HAVE_AVX2 1
| #define HAVE_POPCNT 1
| #define HAVE_AVX512 1
| #define HAVE_GETPAGESIZE 1
| #define HAVE_MMAP 1
| #define HAVE_GMTIME_R 1
| #define HAVE_FSYNC 1
| #define HAVE_DRAND48 1
| #define HAVE_FDATASYNC 1
| #define HAVE_LIBZ 1
| #define HAVE_LIBBZ2 1
| #define HAVE_LZMA_H 1
| #define HAVE_LIBLZMA 1
| /* end confdefs.h.  */
| ;
| 
| #include <libdeflate.h>
configure:6240: result: no
configure:6250: checking for libdeflate_deflate_compress in -ldeflate
configure:6279: gcc -o conftest  -Wall -g -O2 -fvisibility=hidden   -fvisibility=hidden conftest.c -ldeflate  -llzma -lbz2 -lz -lm  >&5
/usr/bin/ld: cannot find -ldeflate
collect2: error: ld returned 1 exit status
configure:6279: $? = 1
configure: failed program was:
| /* confdefs.h */
| #define PACKAGE_NAME "HTSlib"
| #define PACKAGE_TARNAME "htslib"
| #define PACKAGE_VERSION "1.20"
| #define PACKAGE_STRING "HTSlib 1.20"
| #define PACKAGE_BUGREPORT "samtools-help@lists.sourceforge.net"
| #define PACKAGE_URL "http://www.htslib.org/"
| #define HAVE_STDIO_H 1
| #define HAVE_STDLIB_H 1
| #define HAVE_STRING_H 1
| #define HAVE_INTTYPES_H 1
| #define HAVE_STDINT_H 1
| #define HAVE_STRINGS_H 1
| #define HAVE_SYS_STAT_H 1
| #define HAVE_SYS_TYPES_H 1
| #define HAVE_UNISTD_H 1
| #define HAVE_SYS_PARAM_H 1
| #define STDC_HEADERS 1
| #define _XOPEN_SOURCE 600
| #define HAVE_SSSE3 1
| #define HAVE_POPCNT 1
| #define HAVE_SSE4_1 1
| #define UBSAN 1
| #define HAVE_POPCNT 1
| #define HAVE_AVX2 1
| #define HAVE_POPCNT 1
| #define HAVE_AVX512 1
| #define HAVE_GETPAGESIZE 1
| #define HAVE_MMAP 1
| #define HAVE_GMTIME_R 1
| #define HAVE_FSYNC 1
| #define HAVE_DRAND48 1
| #define HAVE_FDATASYNC 1
| #define HAVE_LIBZ 1
| #define HAVE_LIBBZ2 1
| #define HAVE_LZMA_H 1
| #define HAVE_LIBLZMA 1
| /* end confdefs.h.  */
| 
| /* Override any GCC internal prototype to avoid an error.
|    Use char because int might match the return type of a GCC
|    builtin and then its argument prototype would still apply.
|    The 'extern "C"' is for builds by C++ compilers;
|    although this is not generally supported in C code supporting it here
|    has little cost and some practical benefit (sr 110532).  */
| #ifdef __cplusplus
| extern "C"
| #endif
| char libdeflate_deflate_compress (void);
| int
| main (void)
| {
| return libdeflate_deflate_compress ();
|   ;
|   return 0;
| }
configure:6291: result: no
configure:6335: checking for curl/curl.h
configure:6335: gcc -c  -Wall -g -O2 -fvisibility=hidden  conftest.c >&5
configure:6335: $? = 0
configure:6335: result: yes
configure:6345: checking for curl_easy_pause in -lcurl
configure:6374: gcc -o conftest  -Wall -g -O2 -fvisibility=hidden   -fvisibility=hidden conftest.c -lcurl  -llzma -lbz2 -lz -lm  >&5
configure:6374: $? = 0
configure:6386: result: yes
configure:6532: checking for CCHmac
configure:6532: gcc -o conftest  -Wall -g -O2 -fvisibility=hidden   -fvisibility=hidden conftest.c -llzma -lbz2 -lz -lm  >&5
/usr/bin/ld: /tmp/ccFUMPhQ.o: in function `main':
/home/joshuac/solid_kmer_utils/libs/htslib-1.20/conftest.c:68: undefined reference to `CCHmac'
collect2: error: ld returned 1 exit status
configure:6532: $? = 1
configure: failed program was:
| /* confdefs.h */
| #define PACKAGE_NAME "HTSlib"
| #define PACKAGE_TARNAME "htslib"
| #define PACKAGE_VERSION "1.20"
| #define PACKAGE_STRING "HTSlib 1.20"
| #define PACKAGE_BUGREPORT "samtools-help@lists.sourceforge.net"
| #define PACKAGE_URL "http://www.htslib.org/"
| #define HAVE_STDIO_H 1
| #define HAVE_STDLIB_H 1
| #define HAVE_STRING_H 1
| #define HAVE_INTTYPES_H 1
| #define HAVE_STDINT_H 1
| #define HAVE_STRINGS_H 1
| #define HAVE_SYS_STAT_H 1
| #define HAVE_SYS_TYPES_H 1
| #define HAVE_UNISTD_H 1
| #define HAVE_SYS_PARAM_H 1
| #define STDC_HEADERS 1
| #define _XOPEN_SOURCE 600
| #define HAVE_SSSE3 1
| #define HAVE_POPCNT 1
| #define HAVE_SSE4_1 1
| #define UBSAN 1
| #define HAVE_POPCNT 1
| #define HAVE_AVX2 1
| #define HAVE_POPCNT 1
| #define HAVE_AVX512 1
| #define HAVE_GETPAGESIZE 1
| #define HAVE_MMAP 1
| #define HAVE_GMTIME_R 1
| #define HAVE_FSYNC 1
| #define HAVE_DRAND48 1
| #define HAVE_FDATASYNC 1
| #define HAVE_LIBZ 1
| #define HAVE_LIBBZ2 1
| #define HAVE_LZMA_H 1
| #define HAVE_LIBLZMA 1
| #define HAVE_LIBCURL 1
| #define ENABLE_GCS 1
| /* end confdefs.h.  */
| /* Define CCHmac to an innocuous variant, in case <limits.h> declares CCHmac.
|    For example, HP-UX 11i <limits.h> declares gettimeofday.  */
| #define CCHmac innocuous_CCHmac
| 
| /* System header to define __stub macros and hopefully few prototypes,
|    which can conflict with char CCHmac (void); below.  */
| 
| #include <limits.h>
| #undef CCHmac
| 
| /* Override any GCC internal prototype to avoid an error.
|    Use char because int might match the return type of a GCC
|    builtin and then its argument prototype would still apply.  */
| #ifdef __cplusplus
| extern "C"
| #endif
| char CCHmac (void);
| /* The GNU C library defines this for functions which it implements
|     to always fail with ENOSYS.  Some functions are actually named
|     something starting with __ and the normal name is an alias.  */
| #if defined __stub_CCHmac || defined __stub___CCHmac
| choke me
| #endif
| 
| int
| main (void)
| {
| return CCHmac ();
|   ;
|   return 0;
| }
configure:6532: result: no
configure:6540: checking for library containing HMAC
configure:6576: gcc -o conftest  -Wall -g -O2 -fvisibility=hidden   -fvisibility=hidden conftest.c -llzma -lbz2 -lz -lm  >&5
/usr/bin/ld: /tmp/ccKWVBXR.o: in function `main':
/home/joshuac/solid_kmer_utils/libs/htslib-1.20/conftest.c:55: undefined reference to `HMAC'
collect2: error: ld returned 1 exit status
configure:6576: $? = 1
configure: failed program was:
| /* confdefs.h */
| #define PACKAGE_NAME "HTSlib"
| #define PACKAGE_TARNAME "htslib"
| #define PACKAGE_VERSION "1.20"
| #define PACKAGE_STRING "HTSlib 1.20"
| #define PACKAGE_BUGREPORT "samtools-help@lists.sourceforge.net"
| #define PACKAGE_URL "http://www.htslib.org/"
| #define HAVE_STDIO_H 1
| #define HAVE_STDLIB_H 1
| #define HAVE_STRING_H 1
| #define HAVE_INTTYPES_H 1
| #define HAVE_STDINT_H 1
| #define HAVE_STRINGS_H 1
| #define HAVE_SYS_STAT_H 1
| #define HAVE_SYS_TYPES_H 1
| #define HAVE_UNISTD_H 1
| #define HAVE_SYS_PARAM_H 1
| #define STDC_HEADERS 1
| #define _XOPEN_SOURCE 600
| #define HAVE_SSSE3 1
| #define HAVE_POPCNT 1
| #define HAVE_SSE4_1 1
| #define UBSAN 1
| #define HAVE_POPCNT 1
| #define HAVE_AVX2 1
| #define HAVE_POPCNT 1
| #define HAVE_AVX512 1
| #define HAVE_GETPAGESIZE 1
| #define HAVE_MMAP 1
| #define HAVE_GMTIME_R 1
| #define HAVE_FSYNC 1
| #define HAVE_DRAND48 1
| #define HAVE_FDATASYNC 1
| #define HAVE_LIBZ 1
| #define HAVE_LIBBZ2 1
| #define HAVE_LZMA_H 1
| #define HAVE_LIBLZMA 1
| #define HAVE_LIBCURL 1
| #define ENABLE_GCS 1
| /* end confdefs.h.  */
| 
| /* Override any GCC internal prototype to avoid an error.
|    Use char because int might match the return type of a GCC
|    builtin and then its argument prototype would still apply.
|    The 'extern "C"' is for builds by C++ compilers;
|    although this is not generally supported in C code supporting it here
|    has little cost and some practical benefit (sr 110532).  */
| #ifdef __cplusplus
| extern "C"
| #endif
| char HMAC (void);
| int
| main (void)
| {
| return HMAC ();
|   ;
|   return 0;
| }
configure:6576: gcc -o conftest  -Wall -g -O2 -fvisibility=hidden   -fvisibility=hidden conftest.c -lcrypto  -llzma -lbz2 -lz -lm  >&5
configure:6576: $? = 0
configure:6598: result: -lcrypto
configure:6643: checking for library containing regcomp
configure:6679: gcc -o conftest  -Wall -g -O2 -fvisibility=hidden   -fvisibility=hidden conftest.c -llzma -lbz2 -lz -lm  >&5
configure:6679: $? = 0
configure:6701: result: none required
configure:6866: creating ./config.status

## ---------------------- ##
## Running config.status. ##
## ---------------------- ##

This file was extended by HTSlib config.status 1.20, which was
generated by GNU Autoconf 2.72.  Invocation command line was

  CONFIG_FILES    = 
  CONFIG_HEADERS  = 
  CONFIG_LINKS    = 
  CONFIG_COMMANDS = 
  $ ./config.status 

on genome2

config.status:860: creating config.mk
config.status:860: creating htslib.pc.tmp
config.status:860: creating config.h
config.status:1056: linking htscodecs_bundled.mk to htscodecs.mk

## ---------------- ##
## Cache variables. ##
## ---------------- ##

ac_cv_build=x86_64-pc-linux-gnu
ac_cv_c_compiler_gnu=yes
ac_cv_c_undeclared_builtin_options='none needed'
ac_cv_env_CC_set=
ac_cv_env_CC_value=
ac_cv_env_CFLAGS_set=
ac_cv_env_CFLAGS_value=
ac_cv_env_CPPFLAGS_set=
ac_cv_env_CPPFLAGS_value=
ac_cv_env_LDFLAGS_set=
ac_cv_env_LDFLAGS_value=
ac_cv_env_LIBS_set=
ac_cv_env_LIBS_value=
ac_cv_env_PKG_CONFIG_LIBDIR_set=
ac_cv_env_PKG_CONFIG_LIBDIR_value=
ac_cv_env_PKG_CONFIG_PATH_set=
ac_cv_env_PKG_CONFIG_PATH_value=
ac_cv_env_PKG_CONFIG_set=
ac_cv_env_PKG_CONFIG_value=
ac_cv_env_build_alias_set=
ac_cv_env_build_alias_value=
ac_cv_env_host_alias_set=
ac_cv_env_host_alias_value=
ac_cv_env_target_alias_set=
ac_cv_env_target_alias_value=
ac_cv_func_CCHmac=no
ac_cv_func_drand48=yes
ac_cv_func_fdatasync=yes
ac_cv_func_fsync=yes
ac_cv_func_getpagesize=yes
ac_cv_func_gmtime_r=yes
ac_cv_func_mmap_fixed_mapped=yes
ac_cv_func_srand48_deterministic=no
ac_cv_have_decl__XOPEN_SOURCE=no
ac_cv_have_decl_fdatasync_int_=yes
ac_cv_header_bzlib_h=yes
ac_cv_header_curl_curl_h=yes
ac_cv_header_inttypes_h=yes
ac_cv_header_libdeflate_h=no
ac_cv_header_lzma_h=yes
ac_cv_header_stdint_h=yes
ac_cv_header_stdio_h=yes
ac_cv_header_stdlib_h=yes
ac_cv_header_string_h=yes
ac_cv_header_strings_h=yes
ac_cv_header_sys_param_h=yes
ac_cv_header_sys_stat_h=yes
ac_cv_header_sys_types_h=yes
ac_cv_header_unistd_h=yes
ac_cv_header_zlib_h=yes
ac_cv_host=x86_64-pc-linux-gnu
ac_cv_lib_bz2_BZ2_bzBuffToBuffCompress=yes
ac_cv_lib_curl_curl_easy_pause=yes
ac_cv_lib_deflate_libdeflate_deflate_compress=no
ac_cv_lib_lzma_lzma_easy_buffer_encode=yes
ac_cv_lib_z_inflate=yes
ac_cv_objext=o
ac_cv_path_GREP=/usr/bin/grep
ac_cv_path_ac_pt_PKG_CONFIG=/usr/bin/pkg-config
ac_cv_prog_ac_ct_CC=gcc
ac_cv_prog_ac_ct_RANLIB=ranlib
ac_cv_prog_cc_c11=
ac_cv_prog_cc_g=yes
ac_cv_prog_cc_stdc=
ac_cv_search_HMAC=-lcrypto
ac_cv_search_log=-lm
ac_cv_search_recv='none required'
ac_cv_search_regcomp='none required'
ac_cv_sys_largefile_opts='none needed'
hts_cv_check__fvisibility_hidden=yes
hts_cv_check_cflags_needed_avx2___mavx2__mpopcnt='-mavx2 -mpopcnt'
hts_cv_check_cflags_needed_avx512f___mavx512f__mpopcnt='-mavx512f -mpopcnt'
hts_cv_check_cflags_needed_sse4_1___msse4_1__mssse3__mpopcnt='-msse4.1 -mssse3 -mpopcnt'
hts_cv_have_versioned_symbols=yes
hts_cv_prog_cc_warnings=-Wall

## ----------------- ##
## Output variables. ##
## ----------------- ##

CC='gcc'
CFLAGS=' -Wall -g -O2 -fvisibility=hidden'
CPPFLAGS=''
CRYPTO_LIBS='-lcrypto'
DEFS='-DHAVE_CONFIG_H'
ECHO_C=''
ECHO_N='-n'
ECHO_T=''
EXEEXT=''
GREP='/usr/bin/grep'
HTSDIRslash_if_relsrcdir='$(HTSDIR)/'
LDFLAGS=' -fvisibility=hidden'
LIBOBJS=''
LIBS='-llzma -lbz2 -lz -lm '
LTLIBOBJS=''
OBJEXT='o'
PACKAGE_BUGREPORT='samtools-help@lists.sourceforge.net'
PACKAGE_NAME='HTSlib'
PACKAGE_STRING='HTSlib 1.20'
PACKAGE_TARNAME='htslib'
PACKAGE_URL='http://www.htslib.org/'
PACKAGE_VERSION='1.20'
PATH_SEPARATOR=':'
PKG_CONFIG='/usr/bin/pkg-config'
PKG_CONFIG_LIBDIR=''
PKG_CONFIG_PATH=''
PLATFORM='default'
PLUGIN_EXT='.so'
RANLIB='ranlib'
SHELL='/bin/bash'
VERSION_SCRIPT_LDFLAGS='-Wl,-version-script,$(srcprefix)htslib.map'
ac_ct_CC='gcc'
bindir='${exec_prefix}/bin'
build='x86_64-pc-linux-gnu'
build_alias=''
build_cpu='x86_64'
build_os='linux-gnu'
build_vendor='pc'
datadir='${datarootdir}'
datarootdir='${prefix}/share'
docdir='${datarootdir}/doc/${PACKAGE_TARNAME}'
dvidir='${docdir}'
enable_plugins='no'
exec_prefix='${prefix}'
gcs='enabled'
host='x86_64-pc-linux-gnu'
host_alias=''
host_cpu='x86_64'
host_os='linux-gnu'
host_vendor='pc'
htmldir='${docdir}'
hts_cflags_avx2='-mavx2 -mpopcnt'
hts_cflags_avx512='-mavx512f -mpopcnt'
hts_cflags_sse4='-msse4.1 -mssse3 -mpopcnt'
includedir='${prefix}/include'
infodir='${datarootdir}/info'
libcurl='enabled'
libdir='${exec_prefix}/lib'
libexecdir='${exec_prefix}/libexec'
localedir='${datarootdir}/locale'
localstatedir='${prefix}/var'
mandir='${datarootdir}/man'
oldincludedir='/usr/include'
pc_requires=' liblzma'
pdfdir='${docdir}'
plugindir='$(libexecdir)/htslib'
pluginpath='$(libexecdir)/htslib'
prefix='/home/joshuac/solid_kmer_utils/libs/htslib-1.20/install'
private_LIBS=' -lbz2'
program_transform_name='s,x,x,'
psdir='${docdir}'
runstatedir='${localstatedir}/run'
s3='enabled'
sbindir='${exec_prefix}/sbin'
sharedstatedir='${prefix}/com'
static_LDFLAGS=''
static_LIBS='-lpthread -lz -lm -lbz2 -llzma -lcurl -lcrypto'
sysconfdir='${prefix}/etc'
target_alias=''
with_external_htscodecs='no'

## ----------- ##
## confdefs.h. ##
## ----------- ##

/* confdefs.h */
#define PACKAGE_NAME "HTSlib"
#define PACKAGE_TARNAME "htslib"
#define PACKAGE_VERSION "1.20"
#define PACKAGE_STRING "HTSlib 1.20"
#define PACKAGE_BUGREPORT "samtools-help@lists.sourceforge.net"
#define PACKAGE_URL "http://www.htslib.org/"
#define HAVE_STDIO_H 1
#define HAVE_STDLIB_H 1
#define HAVE_STRING_H 1
#define HAVE_INTTYPES_H 1
#define HAVE_STDINT_H 1
#define HAVE_STRINGS_H 1
#define HAVE_SYS_STAT_H 1
#define HAVE_SYS_TYPES_H 1
#define HAVE_UNISTD_H 1
#define HAVE_SYS_PARAM_H 1
#define STDC_HEADERS 1
#define _XOPEN_SOURCE 600
#define HAVE_SSSE3 1
#define HAVE_POPCNT 1
#define HAVE_SSE4_1 1
#define UBSAN 1
#define HAVE_POPCNT 1
#define HAVE_AVX2 1
#define HAVE_POPCNT 1
#define HAVE_AVX512 1
#define HAVE_GETPAGESIZE 1
#define HAVE_MMAP 1
#define HAVE_GMTIME_R 1
#define HAVE_FSYNC 1
#define HAVE_DRAND48 1
#define HAVE_FDATASYNC 1
#define HAVE_LIBZ 1
#define HAVE_LIBBZ2 1
#define HAVE_LZMA_H 1
#define HAVE_LIBLZMA 1
#define HAVE_LIBCURL 1
#define ENABLE_GCS 1
#define HAVE_HMAC 1
#define ENABLE_S3 1

configure: exit 0
